{"D:\\Users\\Trixie\\Desktop\\hacktiv8\\phase2\\TravelPlanner\\server\\controllers\\itineraryController.js": {"path":"D:\\Users\\Trixie\\Desktop\\hacktiv8\\phase2\\TravelPlanner\\server\\controllers\\itineraryController.js","statementMap":{"0":{"start":{"line":1,"column":34},"end":{"line":1,"column":54}},"1":{"start":{"line":5,"column":4},"end":{"line":36,"column":5}},"2":{"start":{"line":6,"column":31},"end":{"line":6,"column":41}},"3":{"start":{"line":8,"column":25},"end":{"line":8,"column":64}},"4":{"start":{"line":10,"column":6},"end":{"line":14,"column":7}},"5":{"start":{"line":11,"column":8},"end":{"line":13,"column":10}},"6":{"start":{"line":16,"column":6},"end":{"line":20,"column":7}},"7":{"start":{"line":17,"column":8},"end":{"line":19,"column":10}},"8":{"start":{"line":22,"column":26},"end":{"line":27,"column":8}},"9":{"start":{"line":29,"column":6},"end":{"line":32,"column":9}},"10":{"start":{"line":34,"column":6},"end":{"line":34,"column":23}},"11":{"start":{"line":35,"column":6},"end":{"line":35,"column":16}},"12":{"start":{"line":40,"column":4},"end":{"line":72,"column":5}},"13":{"start":{"line":41,"column":31},"end":{"line":41,"column":41}},"14":{"start":{"line":42,"column":41},"end":{"line":42,"column":49}},"15":{"start":{"line":44,"column":25},"end":{"line":44,"column":64}},"16":{"start":{"line":46,"column":6},"end":{"line":50,"column":7}},"17":{"start":{"line":47,"column":8},"end":{"line":49,"column":10}},"18":{"start":{"line":52,"column":6},"end":{"line":56,"column":7}},"19":{"start":{"line":53,"column":8},"end":{"line":55,"column":10}},"20":{"start":{"line":58,"column":24},"end":{"line":63,"column":8}},"21":{"start":{"line":65,"column":6},"end":{"line":68,"column":9}},"22":{"start":{"line":70,"column":6},"end":{"line":70,"column":23}},"23":{"start":{"line":71,"column":6},"end":{"line":71,"column":16}},"24":{"start":{"line":76,"column":4},"end":{"line":113,"column":5}},"25":{"start":{"line":77,"column":21},"end":{"line":77,"column":31}},"26":{"start":{"line":78,"column":41},"end":{"line":78,"column":49}},"27":{"start":{"line":80,"column":24},"end":{"line":80,"column":52}},"28":{"start":{"line":82,"column":6},"end":{"line":86,"column":7}},"29":{"start":{"line":83,"column":8},"end":{"line":85,"column":10}},"30":{"start":{"line":88,"column":25},"end":{"line":88,"column":74}},"31":{"start":{"line":90,"column":6},"end":{"line":94,"column":7}},"32":{"start":{"line":91,"column":8},"end":{"line":93,"column":10}},"33":{"start":{"line":96,"column":6},"end":{"line":98,"column":7}},"34":{"start":{"line":97,"column":8},"end":{"line":97,"column":36}},"35":{"start":{"line":100,"column":6},"end":{"line":104,"column":9}},"36":{"start":{"line":106,"column":6},"end":{"line":109,"column":9}},"37":{"start":{"line":111,"column":6},"end":{"line":111,"column":23}},"38":{"start":{"line":112,"column":6},"end":{"line":112,"column":16}},"39":{"start":{"line":117,"column":4},"end":{"line":148,"column":5}},"40":{"start":{"line":118,"column":21},"end":{"line":118,"column":31}},"41":{"start":{"line":120,"column":24},"end":{"line":120,"column":52}},"42":{"start":{"line":122,"column":6},"end":{"line":126,"column":7}},"43":{"start":{"line":123,"column":8},"end":{"line":125,"column":10}},"44":{"start":{"line":128,"column":25},"end":{"line":128,"column":74}},"45":{"start":{"line":130,"column":6},"end":{"line":134,"column":7}},"46":{"start":{"line":131,"column":8},"end":{"line":133,"column":10}},"47":{"start":{"line":136,"column":6},"end":{"line":138,"column":7}},"48":{"start":{"line":137,"column":8},"end":{"line":137,"column":36}},"49":{"start":{"line":140,"column":6},"end":{"line":140,"column":32}},"50":{"start":{"line":142,"column":6},"end":{"line":144,"column":9}},"51":{"start":{"line":146,"column":6},"end":{"line":146,"column":23}},"52":{"start":{"line":147,"column":6},"end":{"line":147,"column":16}},"53":{"start":{"line":152,"column":0},"end":{"line":152,"column":28}}},"fnMap":{"0":{"name":"(anonymous_0)","decl":{"start":{"line":4,"column":2},"end":{"line":4,"column":3}},"loc":{"start":{"line":4,"column":46},"end":{"line":37,"column":3}},"line":4},"1":{"name":"(anonymous_1)","decl":{"start":{"line":39,"column":2},"end":{"line":39,"column":3}},"loc":{"start":{"line":39,"column":47},"end":{"line":73,"column":3}},"line":39},"2":{"name":"(anonymous_2)","decl":{"start":{"line":75,"column":2},"end":{"line":75,"column":3}},"loc":{"start":{"line":75,"column":47},"end":{"line":114,"column":3}},"line":75},"3":{"name":"(anonymous_3)","decl":{"start":{"line":116,"column":2},"end":{"line":116,"column":3}},"loc":{"start":{"line":116,"column":47},"end":{"line":149,"column":3}},"line":116}},"branchMap":{"0":{"loc":{"start":{"line":10,"column":6},"end":{"line":14,"column":7}},"type":"if","locations":[{"start":{"line":10,"column":6},"end":{"line":14,"column":7}},{"start":{},"end":{}}],"line":10},"1":{"loc":{"start":{"line":16,"column":6},"end":{"line":20,"column":7}},"type":"if","locations":[{"start":{"line":16,"column":6},"end":{"line":20,"column":7}},{"start":{},"end":{}}],"line":16},"2":{"loc":{"start":{"line":46,"column":6},"end":{"line":50,"column":7}},"type":"if","locations":[{"start":{"line":46,"column":6},"end":{"line":50,"column":7}},{"start":{},"end":{}}],"line":46},"3":{"loc":{"start":{"line":52,"column":6},"end":{"line":56,"column":7}},"type":"if","locations":[{"start":{"line":52,"column":6},"end":{"line":56,"column":7}},{"start":{},"end":{}}],"line":52},"4":{"loc":{"start":{"line":82,"column":6},"end":{"line":86,"column":7}},"type":"if","locations":[{"start":{"line":82,"column":6},"end":{"line":86,"column":7}},{"start":{},"end":{}}],"line":82},"5":{"loc":{"start":{"line":90,"column":6},"end":{"line":94,"column":7}},"type":"if","locations":[{"start":{"line":90,"column":6},"end":{"line":94,"column":7}},{"start":{},"end":{}}],"line":90},"6":{"loc":{"start":{"line":96,"column":6},"end":{"line":98,"column":7}},"type":"if","locations":[{"start":{"line":96,"column":6},"end":{"line":98,"column":7}},{"start":{},"end":{}}],"line":96},"7":{"loc":{"start":{"line":122,"column":6},"end":{"line":126,"column":7}},"type":"if","locations":[{"start":{"line":122,"column":6},"end":{"line":126,"column":7}},{"start":{},"end":{}}],"line":122},"8":{"loc":{"start":{"line":130,"column":6},"end":{"line":134,"column":7}},"type":"if","locations":[{"start":{"line":130,"column":6},"end":{"line":134,"column":7}},{"start":{},"end":{}}],"line":130},"9":{"loc":{"start":{"line":136,"column":6},"end":{"line":138,"column":7}},"type":"if","locations":[{"start":{"line":136,"column":6},"end":{"line":138,"column":7}},{"start":{},"end":{}}],"line":136}},"s":{"0":2,"1":2,"2":2,"3":2,"4":2,"5":1,"6":1,"7":0,"8":1,"9":1,"10":1,"11":1,"12":2,"13":2,"14":2,"15":2,"16":2,"17":1,"18":1,"19":0,"20":1,"21":1,"22":1,"23":1,"24":3,"25":3,"26":3,"27":3,"28":3,"29":1,"30":2,"31":2,"32":0,"33":2,"34":1,"35":1,"36":1,"37":2,"38":2,"39":3,"40":3,"41":3,"42":3,"43":1,"44":2,"45":2,"46":0,"47":2,"48":1,"49":1,"50":1,"51":2,"52":2,"53":2},"f":{"0":2,"1":2,"2":3,"3":3},"b":{"0":[1,1],"1":[0,1],"2":[1,1],"3":[0,1],"4":[1,2],"5":[0,2],"6":[1,1],"7":[1,2],"8":[0,2],"9":[1,1]},"_coverageSchema":"1a1c01bbd47fc00a2c39e90264f33305004495a9","hash":"42af561273595180c7b7bbbd914f3fa9d67a0674"}
,"D:\\Users\\Trixie\\Desktop\\hacktiv8\\phase2\\TravelPlanner\\server\\controllers\\profileController.js": {"path":"D:\\Users\\Trixie\\Desktop\\hacktiv8\\phase2\\TravelPlanner\\server\\controllers\\profileController.js","statementMap":{"0":{"start":{"line":1,"column":26},"end":{"line":1,"column":46}},"1":{"start":{"line":5,"column":4},"end":{"line":27,"column":5}},"2":{"start":{"line":6,"column":6},"end":{"line":6,"column":48}},"3":{"start":{"line":7,"column":6},"end":{"line":7,"column":52}},"4":{"start":{"line":8,"column":25},"end":{"line":8,"column":38}},"5":{"start":{"line":9,"column":22},"end":{"line":13,"column":8}},"6":{"start":{"line":15,"column":6},"end":{"line":18,"column":10}},"7":{"start":{"line":16,"column":8},"end":{"line":18,"column":10}},"8":{"start":{"line":20,"column":6},"end":{"line":23,"column":9}},"9":{"start":{"line":25,"column":6},"end":{"line":25,"column":23}},"10":{"start":{"line":26,"column":6},"end":{"line":26,"column":16}},"11":{"start":{"line":31,"column":4},"end":{"line":64,"column":5}},"12":{"start":{"line":32,"column":6},"end":{"line":32,"column":40}},"13":{"start":{"line":34,"column":25},"end":{"line":34,"column":38}},"14":{"start":{"line":35,"column":62},"end":{"line":35,"column":70}},"15":{"start":{"line":37,"column":22},"end":{"line":41,"column":8}},"16":{"start":{"line":43,"column":6},"end":{"line":43,"column":39}},"17":{"start":{"line":45,"column":6},"end":{"line":47,"column":7}},"18":{"start":{"line":46,"column":8},"end":{"line":46,"column":35}},"19":{"start":{"line":49,"column":6},"end":{"line":55,"column":9}},"20":{"start":{"line":57,"column":6},"end":{"line":60,"column":9}},"21":{"start":{"line":62,"column":6},"end":{"line":62,"column":48}},"22":{"start":{"line":63,"column":6},"end":{"line":63,"column":16}},"23":{"start":{"line":68,"column":0},"end":{"line":68,"column":28}}},"fnMap":{"0":{"name":"(anonymous_0)","decl":{"start":{"line":4,"column":2},"end":{"line":4,"column":3}},"loc":{"start":{"line":4,"column":42},"end":{"line":28,"column":3}},"line":4},"1":{"name":"(anonymous_1)","decl":{"start":{"line":30,"column":2},"end":{"line":30,"column":3}},"loc":{"start":{"line":30,"column":45},"end":{"line":65,"column":3}},"line":30}},"branchMap":{"0":{"loc":{"start":{"line":15,"column":6},"end":{"line":18,"column":10}},"type":"if","locations":[{"start":{"line":15,"column":6},"end":{"line":18,"column":10}},{"start":{},"end":{}}],"line":15},"1":{"loc":{"start":{"line":45,"column":6},"end":{"line":47,"column":7}},"type":"if","locations":[{"start":{"line":45,"column":6},"end":{"line":47,"column":7}},{"start":{},"end":{}}],"line":45}},"s":{"0":3,"1":5,"2":5,"3":5,"4":5,"5":5,"6":4,"7":2,"8":2,"9":3,"10":3,"11":6,"12":6,"13":6,"14":6,"15":6,"16":5,"17":5,"18":2,"19":3,"20":2,"21":4,"22":4,"23":3},"f":{"0":5,"1":6},"b":{"0":[2,2],"1":[2,3]},"_coverageSchema":"1a1c01bbd47fc00a2c39e90264f33305004495a9","hash":"0956f8f2723d4621df8833209ab72ed760206cf7"}
,"D:\\Users\\Trixie\\Desktop\\hacktiv8\\phase2\\TravelPlanner\\server\\controllers\\travelPlanController.js": {"path":"D:\\Users\\Trixie\\Desktop\\hacktiv8\\phase2\\TravelPlanner\\server\\controllers\\travelPlanController.js","statementMap":{"0":{"start":{"line":1,"column":21},"end":{"line":1,"column":54}},"1":{"start":{"line":2,"column":26},"end":{"line":2,"column":65}},"2":{"start":{"line":3,"column":45},"end":{"line":3,"column":65}},"3":{"start":{"line":4,"column":24},"end":{"line":4,"column":48}},"4":{"start":{"line":5,"column":18},"end":{"line":5,"column":38}},"5":{"start":{"line":6,"column":12},"end":{"line":6,"column":26}},"6":{"start":{"line":7,"column":13},"end":{"line":7,"column":28}},"7":{"start":{"line":11,"column":4},"end":{"line":27,"column":5}},"8":{"start":{"line":12,"column":25},"end":{"line":12,"column":38}},"9":{"start":{"line":13,"column":25},"end":{"line":18,"column":8}},"10":{"start":{"line":20,"column":6},"end":{"line":23,"column":9}},"11":{"start":{"line":25,"column":6},"end":{"line":25,"column":23}},"12":{"start":{"line":26,"column":6},"end":{"line":26,"column":16}},"13":{"start":{"line":31,"column":4},"end":{"line":61,"column":5}},"14":{"start":{"line":32,"column":25},"end":{"line":32,"column":38}},"15":{"start":{"line":41,"column":10},"end":{"line":41,"column":18}},"16":{"start":{"line":43,"column":25},"end":{"line":52,"column":8}},"17":{"start":{"line":54,"column":6},"end":{"line":57,"column":9}},"18":{"start":{"line":59,"column":6},"end":{"line":59,"column":23}},"19":{"start":{"line":60,"column":6},"end":{"line":60,"column":16}},"20":{"start":{"line":65,"column":4},"end":{"line":152,"column":5}},"21":{"start":{"line":66,"column":71},"end":{"line":66,"column":79}},"22":{"start":{"line":68,"column":21},"end":{"line":124,"column":5}},"23":{"start":{"line":126,"column":17},"end":{"line":128,"column":8}},"24":{"start":{"line":130,"column":26},"end":{"line":133,"column":8}},"25":{"start":{"line":135,"column":21},"end":{"line":138,"column":15}},"26":{"start":{"line":140,"column":25},"end":{"line":140,"column":43}},"27":{"start":{"line":143,"column":6},"end":{"line":143,"column":37}},"28":{"start":{"line":145,"column":6},"end":{"line":148,"column":9}},"29":{"start":{"line":150,"column":6},"end":{"line":150,"column":23}},"30":{"start":{"line":151,"column":6},"end":{"line":151,"column":16}},"31":{"start":{"line":156,"column":4},"end":{"line":208,"column":5}},"32":{"start":{"line":157,"column":25},"end":{"line":157,"column":38}},"33":{"start":{"line":168,"column":10},"end":{"line":168,"column":18}},"34":{"start":{"line":170,"column":25},"end":{"line":199,"column":8}},"35":{"start":{"line":171,"column":30},"end":{"line":184,"column":9}},"36":{"start":{"line":186,"column":8},"end":{"line":196,"column":9}},"37":{"start":{"line":187,"column":10},"end":{"line":195,"column":12}},"38":{"start":{"line":198,"column":8},"end":{"line":198,"column":29}},"39":{"start":{"line":201,"column":6},"end":{"line":204,"column":9}},"40":{"start":{"line":206,"column":6},"end":{"line":206,"column":23}},"41":{"start":{"line":207,"column":6},"end":{"line":207,"column":16}},"42":{"start":{"line":212,"column":4},"end":{"line":231,"column":5}},"43":{"start":{"line":213,"column":21},"end":{"line":213,"column":31}},"44":{"start":{"line":214,"column":25},"end":{"line":218,"column":8}},"45":{"start":{"line":220,"column":6},"end":{"line":223,"column":10}},"46":{"start":{"line":221,"column":8},"end":{"line":223,"column":10}},"47":{"start":{"line":225,"column":6},"end":{"line":227,"column":9}},"48":{"start":{"line":229,"column":6},"end":{"line":229,"column":23}},"49":{"start":{"line":230,"column":6},"end":{"line":230,"column":16}},"50":{"start":{"line":235,"column":4},"end":{"line":277,"column":5}},"51":{"start":{"line":236,"column":21},"end":{"line":236,"column":31}},"52":{"start":{"line":237,"column":25},"end":{"line":241,"column":8}},"53":{"start":{"line":243,"column":6},"end":{"line":246,"column":10}},"54":{"start":{"line":244,"column":8},"end":{"line":246,"column":10}},"55":{"start":{"line":248,"column":19},"end":{"line":251,"column":7}},"56":{"start":{"line":253,"column":22},"end":{"line":253,"column":46}},"57":{"start":{"line":254,"column":19},"end":{"line":254,"column":42}},"58":{"start":{"line":256,"column":6},"end":{"line":258,"column":9}},"59":{"start":{"line":260,"column":18},"end":{"line":263,"column":8}},"60":{"start":{"line":265,"column":6},"end":{"line":265,"column":28}},"61":{"start":{"line":267,"column":6},"end":{"line":267,"column":55}},"62":{"start":{"line":268,"column":6},"end":{"line":271,"column":8}},"63":{"start":{"line":273,"column":6},"end":{"line":273,"column":20}},"64":{"start":{"line":275,"column":6},"end":{"line":275,"column":23}},"65":{"start":{"line":276,"column":6},"end":{"line":276,"column":16}},"66":{"start":{"line":281,"column":4},"end":{"line":317,"column":5}},"67":{"start":{"line":282,"column":21},"end":{"line":282,"column":31}},"68":{"start":{"line":291,"column":10},"end":{"line":291,"column":18}},"69":{"start":{"line":293,"column":25},"end":{"line":293,"column":54}},"70":{"start":{"line":295,"column":6},"end":{"line":298,"column":10}},"71":{"start":{"line":296,"column":8},"end":{"line":298,"column":10}},"72":{"start":{"line":300,"column":6},"end":{"line":308,"column":9}},"73":{"start":{"line":310,"column":6},"end":{"line":313,"column":9}},"74":{"start":{"line":315,"column":6},"end":{"line":315,"column":23}},"75":{"start":{"line":316,"column":6},"end":{"line":316,"column":16}},"76":{"start":{"line":321,"column":4},"end":{"line":342,"column":5}},"77":{"start":{"line":322,"column":21},"end":{"line":322,"column":31}},"78":{"start":{"line":323,"column":25},"end":{"line":323,"column":54}},"79":{"start":{"line":325,"column":6},"end":{"line":328,"column":10}},"80":{"start":{"line":326,"column":8},"end":{"line":328,"column":10}},"81":{"start":{"line":330,"column":6},"end":{"line":334,"column":9}},"82":{"start":{"line":336,"column":6},"end":{"line":338,"column":9}},"83":{"start":{"line":340,"column":6},"end":{"line":340,"column":23}},"84":{"start":{"line":341,"column":6},"end":{"line":341,"column":16}},"85":{"start":{"line":346,"column":0},"end":{"line":346,"column":28}}},"fnMap":{"0":{"name":"(anonymous_0)","decl":{"start":{"line":10,"column":2},"end":{"line":10,"column":3}},"loc":{"start":{"line":10,"column":46},"end":{"line":28,"column":3}},"line":10},"1":{"name":"(anonymous_1)","decl":{"start":{"line":30,"column":2},"end":{"line":30,"column":3}},"loc":{"start":{"line":30,"column":48},"end":{"line":62,"column":3}},"line":30},"2":{"name":"(anonymous_2)","decl":{"start":{"line":64,"column":2},"end":{"line":64,"column":3}},"loc":{"start":{"line":64,"column":40},"end":{"line":153,"column":3}},"line":64},"3":{"name":"(anonymous_3)","decl":{"start":{"line":155,"column":2},"end":{"line":155,"column":3}},"loc":{"start":{"line":155,"column":36},"end":{"line":209,"column":3}},"line":155},"4":{"name":"(anonymous_4)","decl":{"start":{"line":170,"column":53},"end":{"line":170,"column":54}},"loc":{"start":{"line":170,"column":76},"end":{"line":199,"column":7}},"line":170},"5":{"name":"(anonymous_5)","decl":{"start":{"line":211,"column":2},"end":{"line":211,"column":3}},"loc":{"start":{"line":211,"column":39},"end":{"line":232,"column":3}},"line":211},"6":{"name":"(anonymous_6)","decl":{"start":{"line":234,"column":2},"end":{"line":234,"column":3}},"loc":{"start":{"line":234,"column":41},"end":{"line":278,"column":3}},"line":234},"7":{"name":"(anonymous_7)","decl":{"start":{"line":280,"column":2},"end":{"line":280,"column":3}},"loc":{"start":{"line":280,"column":38},"end":{"line":318,"column":3}},"line":280},"8":{"name":"(anonymous_8)","decl":{"start":{"line":320,"column":2},"end":{"line":320,"column":3}},"loc":{"start":{"line":320,"column":38},"end":{"line":343,"column":3}},"line":320}},"branchMap":{"0":{"loc":{"start":{"line":77,"column":8},"end":{"line":77,"column":52}},"type":"cond-expr","locations":[{"start":{"line":77,"column":28},"end":{"line":77,"column":40}},{"start":{"line":77,"column":43},"end":{"line":77,"column":52}}],"line":77},"1":{"loc":{"start":{"line":220,"column":6},"end":{"line":223,"column":10}},"type":"if","locations":[{"start":{"line":220,"column":6},"end":{"line":223,"column":10}},{"start":{},"end":{}}],"line":220},"2":{"loc":{"start":{"line":243,"column":6},"end":{"line":246,"column":10}},"type":"if","locations":[{"start":{"line":243,"column":6},"end":{"line":246,"column":10}},{"start":{},"end":{}}],"line":243},"3":{"loc":{"start":{"line":295,"column":6},"end":{"line":298,"column":10}},"type":"if","locations":[{"start":{"line":295,"column":6},"end":{"line":298,"column":10}},{"start":{},"end":{}}],"line":295},"4":{"loc":{"start":{"line":325,"column":6},"end":{"line":328,"column":10}},"type":"if","locations":[{"start":{"line":325,"column":6},"end":{"line":328,"column":10}},{"start":{},"end":{}}],"line":325}},"s":{"0":3,"1":3,"2":3,"3":3,"4":3,"5":3,"6":3,"7":3,"8":3,"9":3,"10":2,"11":1,"12":1,"13":3,"14":3,"15":3,"16":3,"17":2,"18":1,"19":1,"20":6,"21":6,"22":6,"23":6,"24":6,"25":5,"26":5,"27":4,"28":4,"29":2,"30":2,"31":4,"32":4,"33":4,"34":4,"35":3,"36":3,"37":4,"38":2,"39":2,"40":2,"41":2,"42":4,"43":4,"44":4,"45":3,"46":1,"47":2,"48":2,"49":2,"50":3,"51":3,"52":3,"53":3,"54":1,"55":2,"56":1,"57":1,"58":1,"59":1,"60":1,"61":1,"62":1,"63":1,"64":2,"65":2,"66":4,"67":4,"68":4,"69":4,"70":4,"71":1,"72":3,"73":2,"74":2,"75":2,"76":4,"77":4,"78":4,"79":4,"80":1,"81":3,"82":2,"83":2,"84":2,"85":3},"f":{"0":3,"1":3,"2":6,"3":4,"4":3,"5":4,"6":3,"7":4,"8":4},"b":{"0":[2,4],"1":[1,2],"2":[1,2],"3":[1,3],"4":[1,3]},"_coverageSchema":"1a1c01bbd47fc00a2c39e90264f33305004495a9","hash":"eec40ce31293385e7bfb221ea7dd67ef16f3b2f4"}
,"D:\\Users\\Trixie\\Desktop\\hacktiv8\\phase2\\TravelPlanner\\server\\controllers\\userController.js": {"path":"D:\\Users\\Trixie\\Desktop\\hacktiv8\\phase2\\TravelPlanner\\server\\controllers\\userController.js","statementMap":{"0":{"start":{"line":1,"column":37},"end":{"line":1,"column":57}},"1":{"start":{"line":2,"column":22},"end":{"line":2,"column":47}},"2":{"start":{"line":6,"column":4},"end":{"line":60,"column":5}},"3":{"start":{"line":16,"column":10},"end":{"line":16,"column":18}},"4":{"start":{"line":18,"column":6},"end":{"line":21,"column":10}},"5":{"start":{"line":19,"column":8},"end":{"line":21,"column":10}},"6":{"start":{"line":24,"column":19},"end":{"line":47,"column":8}},"7":{"start":{"line":25,"column":21},"end":{"line":32,"column":9}},"8":{"start":{"line":34,"column":8},"end":{"line":44,"column":10}},"9":{"start":{"line":46,"column":8},"end":{"line":46,"column":20}},"10":{"start":{"line":49,"column":6},"end":{"line":49,"column":38}},"11":{"start":{"line":50,"column":6},"end":{"line":50,"column":39}},"12":{"start":{"line":51,"column":6},"end":{"line":51,"column":39}},"13":{"start":{"line":53,"column":6},"end":{"line":56,"column":9}},"14":{"start":{"line":58,"column":6},"end":{"line":58,"column":23}},"15":{"start":{"line":59,"column":6},"end":{"line":59,"column":16}},"16":{"start":{"line":64,"column":4},"end":{"line":84,"column":5}},"17":{"start":{"line":65,"column":34},"end":{"line":65,"column":42}},"18":{"start":{"line":66,"column":6},"end":{"line":66,"column":60}},"19":{"start":{"line":66,"column":31},"end":{"line":66,"column":60}},"20":{"start":{"line":68,"column":19},"end":{"line":68,"column":48}},"21":{"start":{"line":69,"column":6},"end":{"line":69,"column":79}},"22":{"start":{"line":69,"column":50},"end":{"line":69,"column":79}},"23":{"start":{"line":71,"column":22},"end":{"line":74,"column":7}},"24":{"start":{"line":76,"column":27},"end":{"line":76,"column":45}},"25":{"start":{"line":78,"column":6},"end":{"line":80,"column":9}},"26":{"start":{"line":82,"column":6},"end":{"line":82,"column":23}},"27":{"start":{"line":83,"column":6},"end":{"line":83,"column":16}},"28":{"start":{"line":88,"column":4},"end":{"line":131,"column":5}},"29":{"start":{"line":89,"column":31},"end":{"line":89,"column":61}},"30":{"start":{"line":90,"column":21},"end":{"line":90,"column":39}},"31":{"start":{"line":91,"column":24},"end":{"line":91,"column":35}},"32":{"start":{"line":93,"column":21},"end":{"line":97,"column":8}},"33":{"start":{"line":98,"column":23},"end":{"line":98,"column":42}},"34":{"start":{"line":99,"column":30},"end":{"line":108,"column":8}},"35":{"start":{"line":110,"column":6},"end":{"line":117,"column":9}},"36":{"start":{"line":119,"column":22},"end":{"line":122,"column":7}},"37":{"start":{"line":124,"column":27},"end":{"line":124,"column":45}},"38":{"start":{"line":126,"column":6},"end":{"line":128,"column":9}},"39":{"start":{"line":130,"column":6},"end":{"line":130,"column":16}},"40":{"start":{"line":135,"column":0},"end":{"line":135,"column":28}}},"fnMap":{"0":{"name":"(anonymous_0)","decl":{"start":{"line":5,"column":2},"end":{"line":5,"column":3}},"loc":{"start":{"line":5,"column":40},"end":{"line":61,"column":3}},"line":5},"1":{"name":"(anonymous_1)","decl":{"start":{"line":24,"column":47},"end":{"line":24,"column":48}},"loc":{"start":{"line":24,"column":70},"end":{"line":47,"column":7}},"line":24},"2":{"name":"(anonymous_2)","decl":{"start":{"line":63,"column":2},"end":{"line":63,"column":3}},"loc":{"start":{"line":63,"column":37},"end":{"line":85,"column":3}},"line":63},"3":{"name":"(anonymous_3)","decl":{"start":{"line":87,"column":2},"end":{"line":87,"column":3}},"loc":{"start":{"line":87,"column":43},"end":{"line":132,"column":3}},"line":87}},"branchMap":{"0":{"loc":{"start":{"line":18,"column":6},"end":{"line":21,"column":10}},"type":"if","locations":[{"start":{"line":18,"column":6},"end":{"line":21,"column":10}},{"start":{},"end":{}}],"line":18},"1":{"loc":{"start":{"line":18,"column":10},"end":{"line":18,"column":42}},"type":"binary-expr","locations":[{"start":{"line":18,"column":10},"end":{"line":18,"column":19}},{"start":{"line":18,"column":23},"end":{"line":18,"column":29}},{"start":{"line":18,"column":33},"end":{"line":18,"column":42}}],"line":18},"2":{"loc":{"start":{"line":66,"column":6},"end":{"line":66,"column":60}},"type":"if","locations":[{"start":{"line":66,"column":6},"end":{"line":66,"column":60}},{"start":{},"end":{}}],"line":66},"3":{"loc":{"start":{"line":66,"column":10},"end":{"line":66,"column":29}},"type":"binary-expr","locations":[{"start":{"line":66,"column":10},"end":{"line":66,"column":16}},{"start":{"line":66,"column":20},"end":{"line":66,"column":29}}],"line":66},"4":{"loc":{"start":{"line":69,"column":6},"end":{"line":69,"column":79}},"type":"if","locations":[{"start":{"line":69,"column":6},"end":{"line":69,"column":79}},{"start":{},"end":{}}],"line":69},"5":{"loc":{"start":{"line":69,"column":10},"end":{"line":69,"column":48}},"type":"binary-expr","locations":[{"start":{"line":69,"column":10},"end":{"line":69,"column":15}},{"start":{"line":69,"column":19},"end":{"line":69,"column":48}}],"line":69}},"s":{"0":2,"1":2,"2":4,"3":4,"4":4,"5":2,"6":2,"7":2,"8":2,"9":2,"10":2,"11":2,"12":2,"13":2,"14":2,"15":2,"16":8,"17":8,"18":8,"19":2,"20":6,"21":6,"22":4,"23":2,"24":2,"25":2,"26":6,"27":6,"28":3,"29":3,"30":3,"31":3,"32":3,"33":2,"34":2,"35":2,"36":2,"37":2,"38":2,"39":1,"40":2},"f":{"0":4,"1":2,"2":8,"3":3},"b":{"0":[2,2],"1":[4,2,2],"2":[2,6],"3":[8,6],"4":[4,2],"5":[6,4]},"_coverageSchema":"1a1c01bbd47fc00a2c39e90264f33305004495a9","hash":"14c8f855ae8a3334171a2fee46630a1f7d523ca0"}
,"D:\\Users\\Trixie\\Desktop\\hacktiv8\\phase2\\TravelPlanner\\server\\helpers\\formatBuget.js": {"path":"D:\\Users\\Trixie\\Desktop\\hacktiv8\\phase2\\TravelPlanner\\server\\helpers\\formatBuget.js","statementMap":{"0":{"start":{"line":1,"column":21},"end":{"line":3,"column":1}},"1":{"start":{"line":2,"column":2},"end":{"line":2,"column":51}},"2":{"start":{"line":5,"column":0},"end":{"line":5,"column":30}}},"fnMap":{"0":{"name":"(anonymous_0)","decl":{"start":{"line":1,"column":21},"end":{"line":1,"column":22}},"loc":{"start":{"line":1,"column":33},"end":{"line":3,"column":1}},"line":1}},"branchMap":{},"s":{"0":3,"1":3,"2":3},"f":{"0":3},"b":{},"_coverageSchema":"1a1c01bbd47fc00a2c39e90264f33305004495a9","hash":"63d461bebf78d871f143d39fb3fb28f212e94354"}
,"D:\\Users\\Trixie\\Desktop\\hacktiv8\\phase2\\TravelPlanner\\server\\helpers\\formatDate.js": {"path":"D:\\Users\\Trixie\\Desktop\\hacktiv8\\phase2\\TravelPlanner\\server\\helpers\\formatDate.js","statementMap":{"0":{"start":{"line":2,"column":2},"end":{"line":2,"column":52}},"1":{"start":{"line":5,"column":0},"end":{"line":5,"column":28}}},"fnMap":{"0":{"name":"formatDate","decl":{"start":{"line":1,"column":9},"end":{"line":1,"column":19}},"loc":{"start":{"line":1,"column":26},"end":{"line":3,"column":1}},"line":1}},"branchMap":{},"s":{"0":2,"1":1},"f":{"0":2},"b":{},"_coverageSchema":"1a1c01bbd47fc00a2c39e90264f33305004495a9","hash":"bfb4a3613fec2d407540653c38a07675fa3b02a2"}
,"D:\\Users\\Trixie\\Desktop\\hacktiv8\\phase2\\TravelPlanner\\server\\helpers\\formatDestination.js": {"path":"D:\\Users\\Trixie\\Desktop\\hacktiv8\\phase2\\TravelPlanner\\server\\helpers\\formatDestination.js","statementMap":{"0":{"start":{"line":1,"column":26},"end":{"line":7,"column":1}},"1":{"start":{"line":2,"column":2},"end":{"line":6,"column":15}},"2":{"start":{"line":5,"column":17},"end":{"line":5,"column":61}},"3":{"start":{"line":9,"column":0},"end":{"line":9,"column":34}}},"fnMap":{"0":{"name":"(anonymous_0)","decl":{"start":{"line":1,"column":26},"end":{"line":1,"column":27}},"loc":{"start":{"line":1,"column":36},"end":{"line":7,"column":1}},"line":1},"1":{"name":"(anonymous_1)","decl":{"start":{"line":5,"column":9},"end":{"line":5,"column":10}},"loc":{"start":{"line":5,"column":17},"end":{"line":5,"column":61}},"line":5}},"branchMap":{},"s":{"0":3,"1":5,"2":7,"3":3},"f":{"0":5,"1":7},"b":{},"_coverageSchema":"1a1c01bbd47fc00a2c39e90264f33305004495a9","hash":"a8c38d7fc341e7cdb582469ef7eddb272617675f"}
,"D:\\Users\\Trixie\\Desktop\\hacktiv8\\phase2\\TravelPlanner\\server\\helpers\\jwt.js": {"path":"D:\\Users\\Trixie\\Desktop\\hacktiv8\\phase2\\TravelPlanner\\server\\helpers\\jwt.js","statementMap":{"0":{"start":{"line":1,"column":12},"end":{"line":1,"column":35}},"1":{"start":{"line":3,"column":18},"end":{"line":5,"column":1}},"2":{"start":{"line":4,"column":2},"end":{"line":4,"column":51}},"3":{"start":{"line":7,"column":20},"end":{"line":9,"column":1}},"4":{"start":{"line":8,"column":2},"end":{"line":8,"column":51}},"5":{"start":{"line":11,"column":0},"end":{"line":11,"column":42}}},"fnMap":{"0":{"name":"(anonymous_0)","decl":{"start":{"line":3,"column":18},"end":{"line":3,"column":19}},"loc":{"start":{"line":3,"column":31},"end":{"line":5,"column":1}},"line":3},"1":{"name":"(anonymous_1)","decl":{"start":{"line":7,"column":20},"end":{"line":7,"column":21}},"loc":{"start":{"line":7,"column":31},"end":{"line":9,"column":1}},"line":7}},"branchMap":{},"s":{"0":3,"1":3,"2":11,"3":3,"4":30,"5":3},"f":{"0":11,"1":30},"b":{},"_coverageSchema":"1a1c01bbd47fc00a2c39e90264f33305004495a9","hash":"f88a331875f360fb956889bfb60a760f5e288eda"}
,"D:\\Users\\Trixie\\Desktop\\hacktiv8\\phase2\\TravelPlanner\\server\\middlewares\\authentication.js": {"path":"D:\\Users\\Trixie\\Desktop\\hacktiv8\\phase2\\TravelPlanner\\server\\middlewares\\authentication.js","statementMap":{"0":{"start":{"line":1,"column":17},"end":{"line":1,"column":37}},"1":{"start":{"line":2,"column":24},"end":{"line":2,"column":49}},"2":{"start":{"line":5,"column":2},"end":{"line":33,"column":3}},"3":{"start":{"line":6,"column":30},"end":{"line":6,"column":41}},"4":{"start":{"line":9,"column":4},"end":{"line":15,"column":5}},"5":{"start":{"line":10,"column":6},"end":{"line":10,"column":49}},"6":{"start":{"line":11,"column":11},"end":{"line":15,"column":5}},"7":{"start":{"line":12,"column":6},"end":{"line":12,"column":44}},"8":{"start":{"line":14,"column":6},"end":{"line":14,"column":37}},"9":{"start":{"line":17,"column":20},"end":{"line":17,"column":45}},"10":{"start":{"line":19,"column":17},"end":{"line":19,"column":48}},"11":{"start":{"line":21,"column":4},"end":{"line":23,"column":5}},"12":{"start":{"line":22,"column":6},"end":{"line":22,"column":37}},"13":{"start":{"line":25,"column":4},"end":{"line":28,"column":6}},"14":{"start":{"line":30,"column":4},"end":{"line":30,"column":11}},"15":{"start":{"line":32,"column":4},"end":{"line":32,"column":14}},"16":{"start":{"line":36,"column":0},"end":{"line":36,"column":31}}},"fnMap":{"0":{"name":"authentication","decl":{"start":{"line":4,"column":15},"end":{"line":4,"column":29}},"loc":{"start":{"line":4,"column":46},"end":{"line":34,"column":1}},"line":4}},"branchMap":{"0":{"loc":{"start":{"line":9,"column":4},"end":{"line":15,"column":5}},"type":"if","locations":[{"start":{"line":9,"column":4},"end":{"line":15,"column":5}},{"start":{"line":11,"column":11},"end":{"line":15,"column":5}}],"line":9},"1":{"loc":{"start":{"line":11,"column":11},"end":{"line":15,"column":5}},"type":"if","locations":[{"start":{"line":11,"column":11},"end":{"line":15,"column":5}},{"start":{"line":13,"column":11},"end":{"line":15,"column":5}}],"line":11},"2":{"loc":{"start":{"line":21,"column":4},"end":{"line":23,"column":5}},"type":"if","locations":[{"start":{"line":21,"column":4},"end":{"line":23,"column":5}},{"start":{},"end":{}}],"line":21}},"s":{"0":3,"1":3,"2":33,"3":33,"4":33,"5":30,"6":3,"7":1,"8":2,"9":31,"10":30,"11":30,"12":1,"13":29,"14":29,"15":4,"16":3},"f":{"0":33},"b":{"0":[30,3],"1":[1,2],"2":[1,29]},"_coverageSchema":"1a1c01bbd47fc00a2c39e90264f33305004495a9","hash":"a2ac71c591419984af6cdf852481719fe0823f12"}
,"D:\\Users\\Trixie\\Desktop\\hacktiv8\\phase2\\TravelPlanner\\server\\middlewares\\authorization.js": {"path":"D:\\Users\\Trixie\\Desktop\\hacktiv8\\phase2\\TravelPlanner\\server\\middlewares\\authorization.js","statementMap":{"0":{"start":{"line":1,"column":23},"end":{"line":1,"column":43}},"1":{"start":{"line":4,"column":2},"end":{"line":22,"column":3}},"2":{"start":{"line":5,"column":23},"end":{"line":5,"column":36}},"3":{"start":{"line":7,"column":19},"end":{"line":7,"column":29}},"4":{"start":{"line":8,"column":23},"end":{"line":8,"column":52}},"5":{"start":{"line":9,"column":4},"end":{"line":12,"column":8}},"6":{"start":{"line":10,"column":6},"end":{"line":12,"column":8}},"7":{"start":{"line":14,"column":4},"end":{"line":17,"column":8}},"8":{"start":{"line":15,"column":6},"end":{"line":17,"column":8}},"9":{"start":{"line":19,"column":4},"end":{"line":19,"column":11}},"10":{"start":{"line":21,"column":4},"end":{"line":21,"column":14}},"11":{"start":{"line":25,"column":0},"end":{"line":25,"column":31}}},"fnMap":{"0":{"name":"authorization","decl":{"start":{"line":3,"column":15},"end":{"line":3,"column":28}},"loc":{"start":{"line":3,"column":45},"end":{"line":23,"column":1}},"line":3}},"branchMap":{"0":{"loc":{"start":{"line":9,"column":4},"end":{"line":12,"column":8}},"type":"if","locations":[{"start":{"line":9,"column":4},"end":{"line":12,"column":8}},{"start":{},"end":{}}],"line":9},"1":{"loc":{"start":{"line":14,"column":4},"end":{"line":17,"column":8}},"type":"if","locations":[{"start":{"line":14,"column":4},"end":{"line":17,"column":8}},{"start":{},"end":{}}],"line":14}},"s":{"0":2,"1":8,"2":8,"3":8,"4":8,"5":8,"6":3,"7":5,"8":2,"9":3,"10":5,"11":2},"f":{"0":8},"b":{"0":[3,5],"1":[2,3]},"_coverageSchema":"1a1c01bbd47fc00a2c39e90264f33305004495a9","hash":"496ae38ac3a4f7b06320a57f1aab39d4a775101c"}
,"D:\\Users\\Trixie\\Desktop\\hacktiv8\\phase2\\TravelPlanner\\server\\middlewares\\errorHandler.js": {"path":"D:\\Users\\Trixie\\Desktop\\hacktiv8\\phase2\\TravelPlanner\\server\\middlewares\\errorHandler.js","statementMap":{"0":{"start":{"line":1,"column":21},"end":{"line":48,"column":1}},"1":{"start":{"line":2,"column":13},"end":{"line":2,"column":16}},"2":{"start":{"line":3,"column":14},"end":{"line":3,"column":37}},"3":{"start":{"line":5,"column":4},"end":{"line":8,"column":5}},"4":{"start":{"line":6,"column":8},"end":{"line":6,"column":20}},"5":{"start":{"line":7,"column":8},"end":{"line":7,"column":39}},"6":{"start":{"line":10,"column":4},"end":{"line":13,"column":5}},"7":{"start":{"line":11,"column":8},"end":{"line":11,"column":20}},"8":{"start":{"line":12,"column":8},"end":{"line":12,"column":39}},"9":{"start":{"line":15,"column":4},"end":{"line":18,"column":5}},"10":{"start":{"line":16,"column":8},"end":{"line":16,"column":20}},"11":{"start":{"line":17,"column":8},"end":{"line":17,"column":33}},"12":{"start":{"line":20,"column":4},"end":{"line":23,"column":5}},"13":{"start":{"line":21,"column":8},"end":{"line":21,"column":50}},"14":{"start":{"line":22,"column":8},"end":{"line":22,"column":20}},"15":{"start":{"line":25,"column":4},"end":{"line":28,"column":5}},"16":{"start":{"line":26,"column":8},"end":{"line":26,"column":45}},"17":{"start":{"line":27,"column":8},"end":{"line":27,"column":20}},"18":{"start":{"line":30,"column":4},"end":{"line":33,"column":5}},"19":{"start":{"line":31,"column":8},"end":{"line":31,"column":38}},"20":{"start":{"line":32,"column":8},"end":{"line":32,"column":20}},"21":{"start":{"line":35,"column":4},"end":{"line":38,"column":5}},"22":{"start":{"line":36,"column":8},"end":{"line":36,"column":44}},"23":{"start":{"line":37,"column":8},"end":{"line":37,"column":20}},"24":{"start":{"line":40,"column":4},"end":{"line":43,"column":5}},"25":{"start":{"line":41,"column":8},"end":{"line":41,"column":20}},"26":{"start":{"line":42,"column":8},"end":{"line":42,"column":34}},"27":{"start":{"line":45,"column":4},"end":{"line":47,"column":6}},"28":{"start":{"line":50,"column":0},"end":{"line":50,"column":29}}},"fnMap":{"0":{"name":"(anonymous_0)","decl":{"start":{"line":1,"column":21},"end":{"line":1,"column":22}},"loc":{"start":{"line":1,"column":46},"end":{"line":48,"column":1}},"line":1}},"branchMap":{"0":{"loc":{"start":{"line":5,"column":4},"end":{"line":8,"column":5}},"type":"if","locations":[{"start":{"line":5,"column":4},"end":{"line":8,"column":5}},{"start":{},"end":{}}],"line":5},"1":{"loc":{"start":{"line":10,"column":4},"end":{"line":13,"column":5}},"type":"if","locations":[{"start":{"line":10,"column":4},"end":{"line":13,"column":5}},{"start":{},"end":{}}],"line":10},"2":{"loc":{"start":{"line":15,"column":4},"end":{"line":18,"column":5}},"type":"if","locations":[{"start":{"line":15,"column":4},"end":{"line":18,"column":5}},{"start":{},"end":{}}],"line":15},"3":{"loc":{"start":{"line":15,"column":8},"end":{"line":15,"column":96}},"type":"binary-expr","locations":[{"start":{"line":15,"column":8},"end":{"line":15,"column":44}},{"start":{"line":15,"column":48},"end":{"line":15,"column":96}}],"line":15},"4":{"loc":{"start":{"line":20,"column":4},"end":{"line":23,"column":5}},"type":"if","locations":[{"start":{"line":20,"column":4},"end":{"line":23,"column":5}},{"start":{},"end":{}}],"line":20},"5":{"loc":{"start":{"line":25,"column":4},"end":{"line":28,"column":5}},"type":"if","locations":[{"start":{"line":25,"column":4},"end":{"line":28,"column":5}},{"start":{},"end":{}}],"line":25},"6":{"loc":{"start":{"line":30,"column":4},"end":{"line":33,"column":5}},"type":"if","locations":[{"start":{"line":30,"column":4},"end":{"line":33,"column":5}},{"start":{},"end":{}}],"line":30},"7":{"loc":{"start":{"line":30,"column":8},"end":{"line":30,"column":69}},"type":"binary-expr","locations":[{"start":{"line":30,"column":8},"end":{"line":30,"column":34}},{"start":{"line":30,"column":38},"end":{"line":30,"column":69}}],"line":30},"8":{"loc":{"start":{"line":35,"column":4},"end":{"line":38,"column":5}},"type":"if","locations":[{"start":{"line":35,"column":4},"end":{"line":38,"column":5}},{"start":{},"end":{}}],"line":35},"9":{"loc":{"start":{"line":40,"column":4},"end":{"line":43,"column":5}},"type":"if","locations":[{"start":{"line":40,"column":4},"end":{"line":43,"column":5}},{"start":{},"end":{}}],"line":40}},"s":{"0":4,"1":37,"2":37,"3":37,"4":1,"5":1,"6":37,"7":1,"8":1,"9":37,"10":2,"11":2,"12":37,"13":5,"14":5,"15":37,"16":5,"17":5,"18":37,"19":4,"20":4,"21":37,"22":5,"23":5,"24":37,"25":11,"26":11,"27":37,"28":4},"f":{"0":37},"b":{"0":[1,36],"1":[1,36],"2":[2,35],"3":[37,36],"4":[5,32],"5":[5,32],"6":[4,33],"7":[37,35],"8":[5,32],"9":[11,26]},"_coverageSchema":"1a1c01bbd47fc00a2c39e90264f33305004495a9","hash":"fa96fe7a9fa93c475af4aaf56964a5ec980b4397"}
,"D:\\Users\\Trixie\\Desktop\\hacktiv8\\phase2\\TravelPlanner\\server\\models\\user.js": {"path":"D:\\Users\\Trixie\\Desktop\\hacktiv8\\phase2\\TravelPlanner\\server\\models\\user.js","statementMap":{"0":{"start":{"line":2,"column":15},"end":{"line":2,"column":34}},"1":{"start":{"line":4,"column":18},"end":{"line":4,"column":38}},"2":{"start":{"line":5,"column":0},"end":{"line":88,"column":2}},"3":{"start":{"line":8,"column":6},"end":{"line":8,"column":57}},"4":{"start":{"line":12,"column":6},"end":{"line":16,"column":9}},"5":{"start":{"line":20,"column":6},"end":{"line":22,"column":9}},"6":{"start":{"line":24,"column":6},"end":{"line":26,"column":9}},"7":{"start":{"line":29,"column":2},"end":{"line":86,"column":4}},"8":{"start":{"line":79,"column":10},"end":{"line":82,"column":11}},"9":{"start":{"line":80,"column":25},"end":{"line":80,"column":47}},"10":{"start":{"line":81,"column":12},"end":{"line":81,"column":65}},"11":{"start":{"line":87,"column":2},"end":{"line":87,"column":14}}},"fnMap":{"0":{"name":"(anonymous_0)","decl":{"start":{"line":5,"column":17},"end":{"line":5,"column":18}},"loc":{"start":{"line":5,"column":43},"end":{"line":88,"column":1}},"line":5},"1":{"name":"(anonymous_1)","decl":{"start":{"line":7,"column":4},"end":{"line":7,"column":5}},"loc":{"start":{"line":7,"column":28},"end":{"line":9,"column":5}},"line":7},"2":{"name":"(anonymous_2)","decl":{"start":{"line":11,"column":4},"end":{"line":11,"column":5}},"loc":{"start":{"line":11,"column":30},"end":{"line":17,"column":5}},"line":11},"3":{"name":"(anonymous_3)","decl":{"start":{"line":19,"column":4},"end":{"line":19,"column":5}},"loc":{"start":{"line":19,"column":29},"end":{"line":27,"column":5}},"line":19},"4":{"name":"(anonymous_4)","decl":{"start":{"line":78,"column":8},"end":{"line":78,"column":9}},"loc":{"start":{"line":78,"column":27},"end":{"line":83,"column":9}},"line":78}},"branchMap":{"0":{"loc":{"start":{"line":79,"column":10},"end":{"line":82,"column":11}},"type":"if","locations":[{"start":{"line":79,"column":10},"end":{"line":82,"column":11}},{"start":{},"end":{}}],"line":79}},"s":{"0":3,"1":3,"2":3,"3":4,"4":6,"5":3,"6":3,"7":3,"8":6,"9":6,"10":6,"11":3},"f":{"0":3,"1":4,"2":6,"3":3,"4":6},"b":{"0":[6,0]},"_coverageSchema":"1a1c01bbd47fc00a2c39e90264f33305004495a9","hash":"8e18b34bfc0e8ad7fb10d826c3c59f9f4e911b0e"}
,"D:\\Users\\Trixie\\Desktop\\hacktiv8\\phase2\\TravelPlanner\\server\\routes\\index.js": {"path":"D:\\Users\\Trixie\\Desktop\\hacktiv8\\phase2\\TravelPlanner\\server\\routes\\index.js","statementMap":{"0":{"start":{"line":1,"column":15},"end":{"line":1,"column":42}},"1":{"start":{"line":3,"column":22},"end":{"line":3,"column":42}},"2":{"start":{"line":4,"column":25},"end":{"line":4,"column":48}},"3":{"start":{"line":5,"column":24},"end":{"line":5,"column":46}},"4":{"start":{"line":6,"column":19},"end":{"line":6,"column":59}},"5":{"start":{"line":7,"column":23},"end":{"line":7,"column":63}},"6":{"start":{"line":9,"column":0},"end":{"line":9,"column":45}},"7":{"start":{"line":10,"column":0},"end":{"line":10,"column":39}},"8":{"start":{"line":11,"column":0},"end":{"line":11,"column":52}},"9":{"start":{"line":13,"column":0},"end":{"line":13,"column":26}},"10":{"start":{"line":15,"column":0},"end":{"line":15,"column":37}},"11":{"start":{"line":16,"column":0},"end":{"line":16,"column":44}},"12":{"start":{"line":17,"column":0},"end":{"line":17,"column":41}},"13":{"start":{"line":20,"column":0},"end":{"line":20,"column":23}}},"fnMap":{},"branchMap":{},"s":{"0":2,"1":2,"2":2,"3":2,"4":2,"5":2,"6":2,"7":2,"8":2,"9":2,"10":2,"11":2,"12":2,"13":2},"f":{},"b":{},"_coverageSchema":"1a1c01bbd47fc00a2c39e90264f33305004495a9","hash":"68db9536808396e4eee53b462b99a774478bf8d1"}
,"D:\\Users\\Trixie\\Desktop\\hacktiv8\\phase2\\TravelPlanner\\server\\routes\\itinerary.js": {"path":"D:\\Users\\Trixie\\Desktop\\hacktiv8\\phase2\\TravelPlanner\\server\\routes\\itinerary.js","statementMap":{"0":{"start":{"line":1,"column":15},"end":{"line":1,"column":42}},"1":{"start":{"line":2,"column":19},"end":{"line":2,"column":64}},"2":{"start":{"line":4,"column":0},"end":{"line":4,"column":56}},"3":{"start":{"line":5,"column":0},"end":{"line":5,"column":58}},"4":{"start":{"line":6,"column":0},"end":{"line":6,"column":47}},"5":{"start":{"line":7,"column":0},"end":{"line":7,"column":50}},"6":{"start":{"line":9,"column":0},"end":{"line":9,"column":23}}},"fnMap":{},"branchMap":{},"s":{"0":2,"1":2,"2":2,"3":2,"4":2,"5":2,"6":2},"f":{},"b":{},"_coverageSchema":"1a1c01bbd47fc00a2c39e90264f33305004495a9","hash":"2d841ccdea2ba9a66320d33e114015d98a05f84a"}
,"D:\\Users\\Trixie\\Desktop\\hacktiv8\\phase2\\TravelPlanner\\server\\routes\\profile.js": {"path":"D:\\Users\\Trixie\\Desktop\\hacktiv8\\phase2\\TravelPlanner\\server\\routes\\profile.js","statementMap":{"0":{"start":{"line":1,"column":15},"end":{"line":1,"column":42}},"1":{"start":{"line":2,"column":19},"end":{"line":2,"column":62}},"2":{"start":{"line":3,"column":22},"end":{"line":3,"column":61}},"3":{"start":{"line":5,"column":0},"end":{"line":5,"column":39}},"4":{"start":{"line":6,"column":0},"end":{"line":6,"column":42}},"5":{"start":{"line":8,"column":0},"end":{"line":8,"column":23}}},"fnMap":{},"branchMap":{},"s":{"0":2,"1":2,"2":2,"3":2,"4":2,"5":2},"f":{},"b":{},"_coverageSchema":"1a1c01bbd47fc00a2c39e90264f33305004495a9","hash":"c5854bdc3e5994b39cb8332da0b4203112479d85"}
,"D:\\Users\\Trixie\\Desktop\\hacktiv8\\phase2\\TravelPlanner\\server\\routes\\travelPlan.js": {"path":"D:\\Users\\Trixie\\Desktop\\hacktiv8\\phase2\\TravelPlanner\\server\\routes\\travelPlan.js","statementMap":{"0":{"start":{"line":1,"column":15},"end":{"line":1,"column":42}},"1":{"start":{"line":2,"column":19},"end":{"line":2,"column":65}},"2":{"start":{"line":3,"column":22},"end":{"line":3,"column":61}},"3":{"start":{"line":5,"column":0},"end":{"line":5,"column":43}},"4":{"start":{"line":6,"column":0},"end":{"line":6,"column":46}},"5":{"start":{"line":7,"column":0},"end":{"line":7,"column":46}},"6":{"start":{"line":8,"column":0},"end":{"line":8,"column":38}},"7":{"start":{"line":9,"column":0},"end":{"line":9,"column":62}},"8":{"start":{"line":10,"column":0},"end":{"line":10,"column":54}},"9":{"start":{"line":11,"column":0},"end":{"line":11,"column":53}},"10":{"start":{"line":12,"column":0},"end":{"line":12,"column":56}},"11":{"start":{"line":14,"column":0},"end":{"line":14,"column":24}}},"fnMap":{},"branchMap":{},"s":{"0":2,"1":2,"2":2,"3":2,"4":2,"5":2,"6":2,"7":2,"8":2,"9":2,"10":2,"11":2},"f":{},"b":{},"_coverageSchema":"1a1c01bbd47fc00a2c39e90264f33305004495a9","hash":"d7a8db8eb281fc74cb88422d51803b1e167d84cb"}
}
