TN:
SF:controllers\itineraryController.js
FN:4,(anonymous_0)
FN:39,(anonymous_1)
FN:75,(anonymous_2)
FN:116,(anonymous_3)
FNF:4
FNH:4
FNDA:2,(anonymous_0)
FNDA:2,(anonymous_1)
FNDA:3,(anonymous_2)
FNDA:3,(anonymous_3)
DA:1,2
DA:5,2
DA:6,2
DA:8,2
DA:10,2
DA:11,1
DA:16,1
DA:17,0
DA:22,1
DA:29,1
DA:34,1
DA:35,1
DA:40,2
DA:41,2
DA:42,2
DA:44,2
DA:46,2
DA:47,1
DA:52,1
DA:53,0
DA:58,1
DA:65,1
DA:70,1
DA:71,1
DA:76,3
DA:77,3
DA:78,3
DA:80,3
DA:82,3
DA:83,1
DA:88,2
DA:90,2
DA:91,0
DA:96,2
DA:97,1
DA:100,1
DA:106,1
DA:111,2
DA:112,2
DA:117,3
DA:118,3
DA:120,3
DA:122,3
DA:123,1
DA:128,2
DA:130,2
DA:131,0
DA:136,2
DA:137,1
DA:140,1
DA:142,1
DA:146,2
DA:147,2
DA:152,2
LF:54
LH:50
BRDA:10,0,0,1
BRDA:10,0,1,1
BRDA:16,1,0,0
BRDA:16,1,1,1
BRDA:46,2,0,1
BRDA:46,2,1,1
BRDA:52,3,0,0
BRDA:52,3,1,1
BRDA:82,4,0,1
BRDA:82,4,1,2
BRDA:90,5,0,0
BRDA:90,5,1,2
BRDA:96,6,0,1
BRDA:96,6,1,1
BRDA:122,7,0,1
BRDA:122,7,1,2
BRDA:130,8,0,0
BRDA:130,8,1,2
BRDA:136,9,0,1
BRDA:136,9,1,1
BRF:20
BRH:16
end_of_record
TN:
SF:controllers\profileController.js
FN:4,(anonymous_0)
FN:30,(anonymous_1)
FNF:2
FNH:2
FNDA:5,(anonymous_0)
FNDA:6,(anonymous_1)
DA:1,3
DA:5,5
DA:6,5
DA:7,5
DA:8,5
DA:9,5
DA:15,4
DA:16,2
DA:20,2
DA:25,3
DA:26,3
DA:31,6
DA:32,6
DA:34,6
DA:35,6
DA:37,6
DA:43,5
DA:45,5
DA:46,2
DA:49,3
DA:57,2
DA:62,4
DA:63,4
DA:68,3
LF:24
LH:24
BRDA:15,0,0,2
BRDA:15,0,1,2
BRDA:45,1,0,2
BRDA:45,1,1,3
BRF:4
BRH:4
end_of_record
TN:
SF:controllers\travelPlanController.js
FN:10,(anonymous_0)
FN:30,(anonymous_1)
FN:64,(anonymous_2)
FN:155,(anonymous_3)
FN:170,(anonymous_4)
FN:211,(anonymous_5)
FN:234,(anonymous_6)
FN:280,(anonymous_7)
FN:320,(anonymous_8)
FNF:9
FNH:9
FNDA:3,(anonymous_0)
FNDA:3,(anonymous_1)
FNDA:6,(anonymous_2)
FNDA:4,(anonymous_3)
FNDA:3,(anonymous_4)
FNDA:4,(anonymous_5)
FNDA:3,(anonymous_6)
FNDA:4,(anonymous_7)
FNDA:4,(anonymous_8)
DA:1,3
DA:2,3
DA:3,3
DA:4,3
DA:5,3
DA:6,3
DA:7,3
DA:11,3
DA:12,3
DA:13,3
DA:20,2
DA:25,1
DA:26,1
DA:31,3
DA:32,3
DA:41,3
DA:43,3
DA:54,2
DA:59,1
DA:60,1
DA:65,6
DA:66,6
DA:68,6
DA:126,6
DA:130,6
DA:135,5
DA:140,5
DA:143,4
DA:145,4
DA:150,2
DA:151,2
DA:156,4
DA:157,4
DA:168,4
DA:170,4
DA:171,3
DA:186,3
DA:187,4
DA:198,2
DA:201,2
DA:206,2
DA:207,2
DA:212,4
DA:213,4
DA:214,4
DA:220,3
DA:221,1
DA:225,2
DA:229,2
DA:230,2
DA:235,3
DA:236,3
DA:237,3
DA:243,3
DA:244,1
DA:248,2
DA:253,1
DA:254,1
DA:256,1
DA:260,1
DA:265,1
DA:267,1
DA:268,1
DA:273,1
DA:275,2
DA:276,2
DA:281,4
DA:282,4
DA:291,4
DA:293,4
DA:295,4
DA:296,1
DA:300,3
DA:310,2
DA:315,2
DA:316,2
DA:321,4
DA:322,4
DA:323,4
DA:325,4
DA:326,1
DA:330,3
DA:336,2
DA:340,2
DA:341,2
DA:346,3
LF:86
LH:86
BRDA:77,0,0,2
BRDA:77,0,1,4
BRDA:220,1,0,1
BRDA:220,1,1,2
BRDA:243,2,0,1
BRDA:243,2,1,2
BRDA:295,3,0,1
BRDA:295,3,1,3
BRDA:325,4,0,1
BRDA:325,4,1,3
BRF:10
BRH:10
end_of_record
TN:
SF:controllers\userController.js
FN:5,(anonymous_0)
FN:24,(anonymous_1)
FN:63,(anonymous_2)
FN:87,(anonymous_3)
FNF:4
FNH:4
FNDA:4,(anonymous_0)
FNDA:2,(anonymous_1)
FNDA:8,(anonymous_2)
FNDA:3,(anonymous_3)
DA:1,2
DA:2,2
DA:6,4
DA:16,4
DA:18,4
DA:19,2
DA:24,2
DA:25,2
DA:34,2
DA:46,2
DA:49,2
DA:50,2
DA:51,2
DA:53,2
DA:58,2
DA:59,2
DA:64,8
DA:65,8
DA:66,8
DA:68,6
DA:69,6
DA:71,2
DA:76,2
DA:78,2
DA:82,6
DA:83,6
DA:88,3
DA:89,3
DA:90,3
DA:91,3
DA:93,3
DA:98,2
DA:99,2
DA:110,2
DA:119,2
DA:124,2
DA:126,2
DA:130,1
DA:135,2
LF:39
LH:39
BRDA:18,0,0,2
BRDA:18,0,1,2
BRDA:18,1,0,4
BRDA:18,1,1,2
BRDA:18,1,2,2
BRDA:66,2,0,2
BRDA:66,2,1,6
BRDA:66,3,0,8
BRDA:66,3,1,6
BRDA:69,4,0,4
BRDA:69,4,1,2
BRDA:69,5,0,6
BRDA:69,5,1,4
BRF:13
BRH:13
end_of_record
TN:
SF:helpers\formatBuget.js
FN:1,(anonymous_0)
FNF:1
FNH:1
FNDA:3,(anonymous_0)
DA:1,3
DA:2,3
DA:5,3
LF:3
LH:3
BRF:0
BRH:0
end_of_record
TN:
SF:helpers\formatDate.js
FN:1,formatDate
FNF:1
FNH:1
FNDA:2,formatDate
DA:2,2
DA:5,1
LF:2
LH:2
BRF:0
BRH:0
end_of_record
TN:
SF:helpers\formatDestination.js
FN:1,(anonymous_0)
FN:5,(anonymous_1)
FNF:2
FNH:2
FNDA:5,(anonymous_0)
FNDA:7,(anonymous_1)
DA:1,3
DA:2,5
DA:5,7
DA:9,3
LF:4
LH:4
BRF:0
BRH:0
end_of_record
TN:
SF:helpers\jwt.js
FN:3,(anonymous_0)
FN:7,(anonymous_1)
FNF:2
FNH:2
FNDA:11,(anonymous_0)
FNDA:30,(anonymous_1)
DA:1,3
DA:3,3
DA:4,11
DA:7,3
DA:8,30
DA:11,3
LF:6
LH:6
BRF:0
BRH:0
end_of_record
TN:
SF:middlewares\authentication.js
FN:4,authentication
FNF:1
FNH:1
FNDA:33,authentication
DA:1,3
DA:2,3
DA:5,33
DA:6,33
DA:9,33
DA:10,30
DA:11,3
DA:12,1
DA:14,2
DA:17,31
DA:19,30
DA:21,30
DA:22,1
DA:25,29
DA:30,29
DA:32,4
DA:36,3
LF:17
LH:17
BRDA:9,0,0,30
BRDA:9,0,1,3
BRDA:11,1,0,1
BRDA:11,1,1,2
BRDA:21,2,0,1
BRDA:21,2,1,29
BRF:6
BRH:6
end_of_record
TN:
SF:middlewares\authorization.js
FN:3,authorization
FNF:1
FNH:1
FNDA:8,authorization
DA:1,2
DA:4,8
DA:5,8
DA:7,8
DA:8,8
DA:9,8
DA:10,3
DA:14,5
DA:15,2
DA:19,3
DA:21,5
DA:25,2
LF:12
LH:12
BRDA:9,0,0,3
BRDA:9,0,1,5
BRDA:14,1,0,2
BRDA:14,1,1,3
BRF:4
BRH:4
end_of_record
TN:
SF:middlewares\errorHandler.js
FN:1,(anonymous_0)
FNF:1
FNH:1
FNDA:37,(anonymous_0)
DA:1,4
DA:2,37
DA:3,37
DA:5,37
DA:6,1
DA:7,1
DA:10,37
DA:11,1
DA:12,1
DA:15,37
DA:16,2
DA:17,2
DA:20,37
DA:21,5
DA:22,5
DA:25,37
DA:26,5
DA:27,5
DA:30,37
DA:31,4
DA:32,4
DA:35,37
DA:36,5
DA:37,5
DA:40,37
DA:41,11
DA:42,11
DA:45,37
DA:50,4
LF:29
LH:29
BRDA:5,0,0,1
BRDA:5,0,1,36
BRDA:10,1,0,1
BRDA:10,1,1,36
BRDA:15,2,0,2
BRDA:15,2,1,35
BRDA:15,3,0,37
BRDA:15,3,1,36
BRDA:20,4,0,5
BRDA:20,4,1,32
BRDA:25,5,0,5
BRDA:25,5,1,32
BRDA:30,6,0,4
BRDA:30,6,1,33
BRDA:30,7,0,37
BRDA:30,7,1,35
BRDA:35,8,0,5
BRDA:35,8,1,32
BRDA:40,9,0,11
BRDA:40,9,1,26
BRF:20
BRH:20
end_of_record
TN:
SF:models\user.js
FN:5,(anonymous_0)
FN:7,(anonymous_1)
FN:11,(anonymous_2)
FN:19,(anonymous_3)
FN:78,(anonymous_4)
FNF:5
FNH:5
FNDA:3,(anonymous_0)
FNDA:4,(anonymous_1)
FNDA:6,(anonymous_2)
FNDA:3,(anonymous_3)
FNDA:6,(anonymous_4)
DA:2,3
DA:4,3
DA:5,3
DA:8,4
DA:12,6
DA:20,3
DA:24,3
DA:29,3
DA:79,6
DA:80,6
DA:81,6
DA:87,3
LF:12
LH:12
BRDA:79,0,0,6
BRDA:79,0,1,0
BRF:2
BRH:1
end_of_record
TN:
SF:routes\index.js
FNF:0
FNH:0
DA:1,2
DA:3,2
DA:4,2
DA:5,2
DA:6,2
DA:7,2
DA:9,2
DA:10,2
DA:11,2
DA:13,2
DA:15,2
DA:16,2
DA:17,2
DA:20,2
LF:14
LH:14
BRF:0
BRH:0
end_of_record
TN:
SF:routes\itinerary.js
FNF:0
FNH:0
DA:1,2
DA:2,2
DA:4,2
DA:5,2
DA:6,2
DA:7,2
DA:9,2
LF:7
LH:7
BRF:0
BRH:0
end_of_record
TN:
SF:routes\profile.js
FNF:0
FNH:0
DA:1,2
DA:2,2
DA:3,2
DA:5,2
DA:6,2
DA:8,2
LF:6
LH:6
BRF:0
BRH:0
end_of_record
TN:
SF:routes\travelPlan.js
FNF:0
FNH:0
DA:1,2
DA:2,2
DA:3,2
DA:5,2
DA:6,2
DA:7,2
DA:8,2
DA:9,2
DA:10,2
DA:11,2
DA:12,2
DA:14,2
LF:12
LH:12
BRF:0
BRH:0
end_of_record
